This file contains any messages produced by compilers while
running configure, to aid debugging if configure makes a mistake.

It was created by guile-lib configure 0.2.8.1, which was
generated by GNU Autoconf 2.71.  Invocation command line was

  $ ./configure --with-guile-site

## --------- ##
## Platform. ##
## --------- ##

hostname = gazelle
uname -m = x86_64
uname -r = 6.0.12-76060012-generic
uname -s = Linux
uname -v = #202212290932~1683754412~20.04~3254e87~dev-Ubuntu SMP PREEMPT_DY

/usr/bin/uname -p = x86_64
/bin/uname -X     = unknown

/bin/arch              = x86_64
/usr/bin/arch -k       = unknown
/usr/convex/getsysinfo = unknown
/usr/bin/hostinfo      = unknown
/bin/machine           = unknown
/usr/bin/oslevel       = unknown
/bin/universe          = unknown

PATH: /home/larry/.opam/ocaml-variants.5.1.0+options/bin/
PATH: /home/larry/.local/bin/
PATH: /home/larry/.opam/ocaml-variants.5.1.0+options/bin/
PATH: /home/larry/.local/bin/
PATH: /usr/local/sbin/
PATH: /usr/local/bin/
PATH: /usr/sbin/
PATH: /usr/bin/
PATH: /sbin/
PATH: /bin/
PATH: /usr/games/
PATH: /usr/local/games/
PATH: /snap/bin/
PATH: /home/larry/Downloads/arasan-linux-binaries-23.0.1/
PATH: /home/larry/.opam/default/bin/
PATH: /home/larry/Downloads/arasan-linux-binaries-23.0.1/
PATH: /home/larry/.opam/default/bin/


## ----------- ##
## Core tests. ##
## ----------- ##

configure:2260: looking for aux files: config.guess config.sub compile config.rpath missing install-sh
configure:2273:  trying ./build-aux/
configure:2302:   ./build-aux/config.guess found
configure:2302:   ./build-aux/config.sub found
configure:2302:   ./build-aux/compile found
configure:2302:   ./build-aux/config.rpath found
configure:2302:   ./build-aux/missing found
configure:2284:   ./build-aux/install-sh found
configure:2435: checking for a BSD-compatible install
configure:2508: result: /usr/bin/install -c
configure:2519: checking whether build environment is sane
configure:2574: result: yes
configure:2731: checking for a race-free mkdir -p
configure:2775: result: /usr/bin/mkdir -p
configure:2782: checking for gawk
configure:2803: found /usr/bin/gawk
configure:2814: result: gawk
configure:2825: checking whether make sets $(MAKE)
configure:2848: result: yes
configure:2878: checking whether make supports nested variables
configure:2896: result: yes
configure:3033: checking whether to enable maintainer-specific portions of Makefiles
configure:3043: result: yes
configure:3068: checking whether make supports nested variables
configure:3086: result: yes
configure:3163: checking for pkg-config
configure:3186: found /usr/bin/pkg-config
configure:3198: result: /usr/bin/pkg-config
configure:3223: checking pkg-config is at least version 0.9.0
configure:3226: result: yes
configure:3258: checking for guile 3.0
configure:3261: $PKG_CONFIG --exists --print-errors "guile-$v"
configure:3264: $? = 0
configure:3281: found guile 3.0
configure:3302: checking for guile-2.0.12
configure:3340: result: no
configure:3302: checking for guile2.0.12
configure:3340: result: no
configure:3302: checking for guile-2.0
configure:3340: result: no
configure:3302: checking for guile2.0
configure:3340: result: no
configure:3302: checking for guile-2
configure:3340: result: no
configure:3302: checking for guile2
configure:3340: result: no
configure:3302: checking for guile
configure:3325: found /usr/bin/guile
configure:3337: result: /usr/bin/guile
configure:3365: checking for Guile version >= 2.0.12
configure:3393: result: 3.0.1
configure:3398: checking for guild
configure:3421: found /usr/bin/guild
configure:3433: result: /usr/bin/guild
configure:3445: checking for guile-config
configure:3468: found /usr/bin/guile-config
configure:3480: result: /usr/bin/guile-config
configure:3542: checking for Guile site directory
configure:3545: result: /usr/share/guile/site/3.0
configure:3554: checking for Guile site-ccache directory using pkgconfig
configure:3571: result: /usr/lib/x86_64-linux-gnu/guile/3.0/site-ccache
configure:3574: checking for Guile extensions directory
configure:3577: result: /usr/lib/x86_64-linux-gnu/guile/3.0/extensions
configure:3587: checking for Guile global site directory
configure:3596: result: /usr/share/guile/site
configure:3613: checking whether make supports the include directive
configure:3628: make -f confmf.GNU && cat confinc.out
this is the am__doit target
configure:3631: $? = 0
configure:3650: result: yes (GNU style)
configure:3726: checking for gcc
configure:3747: found /usr/bin/gcc
configure:3758: result: gcc
configure:4111: checking for C compiler version
configure:4120: gcc --version >&5
gcc (Ubuntu 10.5.0-1ubuntu1~20.04) 10.5.0
Copyright (C) 2020 Free Software Foundation, Inc.
This is free software; see the source for copying conditions.  There is NO
warranty; not even for MERCHANTABILITY or FITNESS FOR A PARTICULAR PURPOSE.

configure:4131: $? = 0
configure:4120: gcc -v >&5
Using built-in specs.
COLLECT_GCC=gcc
COLLECT_LTO_WRAPPER=/usr/lib/gcc/x86_64-linux-gnu/10/lto-wrapper
OFFLOAD_TARGET_NAMES=nvptx-none:amdgcn-amdhsa:hsa
OFFLOAD_TARGET_DEFAULT=1
Target: x86_64-linux-gnu
Configured with: ../src/configure -v --with-pkgversion='Ubuntu 10.5.0-1ubuntu1~20.04' --with-bugurl=file:///usr/share/doc/gcc-10/README.Bugs --enable-languages=c,ada,c++,go,brig,d,fortran,objc,obj-c++,m2 --prefix=/usr --with-gcc-major-version-only --program-suffix=-10 --program-prefix=x86_64-linux-gnu- --enable-shared --enable-linker-build-id --libexecdir=/usr/lib --without-included-gettext --enable-threads=posix --libdir=/usr/lib --enable-nls --enable-bootstrap --enable-clocale=gnu --enable-libstdcxx-debug --enable-libstdcxx-time=yes --with-default-libstdcxx-abi=new --enable-gnu-unique-object --disable-vtable-verify --enable-plugin --enable-default-pie --with-system-zlib --enable-libphobos-checking=release --with-target-system-zlib=auto --enable-objc-gc=auto --enable-multiarch --disable-werror --with-arch-32=i686 --with-abi=m64 --with-multilib-list=m32,m64,mx32 --enable-multilib --with-tune=generic --enable-offload-targets=nvptx-none=/build/gcc-10-g5VkgL/gcc-10-10.5.0/debian/tmp-nvptx/usr,amdgcn-amdhsa=/build/gcc-10-g5VkgL/gcc-10-10.5.0/debian/tmp-gcn/usr,hsa --without-cuda-driver --enable-checking=release --build=x86_64-linux-gnu --host=x86_64-linux-gnu --target=x86_64-linux-gnu --with-build-config=bootstrap-lto-lean --enable-link-mutex
Thread model: posix
Supported LTO compression algorithms: zlib zstd
gcc version 10.5.0 (Ubuntu 10.5.0-1ubuntu1~20.04) 
... rest of stderr output deleted ...
configure:4131: $? = 0
configure:4120: gcc -V >&5
gcc: error: unrecognized command-line option '-V'
gcc: fatal error: no input files
compilation terminated.
configure:4131: $? = 1
configure:4120: gcc -qversion >&5
gcc: error: unrecognized command-line option '-qversion'; did you mean '--version'?
gcc: fatal error: no input files
compilation terminated.
configure:4131: $? = 1
configure:4120: gcc -version >&5
gcc: error: unrecognized command-line option '-version'
gcc: fatal error: no input files
compilation terminated.
configure:4131: $? = 1
configure:4151: checking whether the C compiler works
configure:4173: gcc    conftest.c  >&5
configure:4177: $? = 0
configure:4227: result: yes
configure:4230: checking for C compiler default output file name
configure:4232: result: a.out
configure:4238: checking for suffix of executables
configure:4245: gcc -o conftest    conftest.c  >&5
configure:4249: $? = 0
configure:4272: result: 
configure:4294: checking whether we are cross compiling
configure:4302: gcc -o conftest    conftest.c  >&5
configure:4306: $? = 0
configure:4313: ./conftest
configure:4317: $? = 0
configure:4305: result: no
configure:4310: checking for suffix of object files
configure:4333: gcc -c   conftest.c >&5
configure:4337: $? = 0
configure:4359: result: o
configure:4363: checking whether the compiler supports GNU C
configure:4383: gcc -c   conftest.c >&5
configure:4383: $? = 0
configure:4393: result: yes
configure:4404: checking whether gcc accepts -g
configure:4425: gcc -c -g  conftest.c >&5
configure:4425: $? = 0
configure:4469: result: yes
configure:4489: checking for gcc option to enable C11 features
configure:4504: gcc  -c -g -O2  conftest.c >&5
configure:4504: $? = 0
configure:4522: result: none needed
configure:4638: checking whether gcc understands -c and -o together
configure:4661: gcc -c conftest.c -o conftest2.o
configure:4664: $? = 0
configure:4661: gcc -c conftest.c -o conftest2.o
configure:4664: $? = 0
configure:4676: result: yes
configure:4695: checking dependency style of gcc
configure:4807: result: none
configure:4828: checking build system type
configure:4843: result: x86_64-pc-linux-gnu
configure:4863: checking host system type
configure:4877: result: x86_64-pc-linux-gnu
configure:4925: checking for ld used by gcc
configure:5053: result: /usr/bin/ld
configure:5060: checking if the linker (/usr/bin/ld) is GNU ld
configure:5076: result: yes
configure:5084: checking for shared library run path origin
configure:5098: result: done
configure:5120: checking 32-bit host C ABI
configure:5187: gcc -c -g -O2  conftest.c >&5
configure:5187: $? = 0
configure:5383: result: no
configure:5393: checking how to run the C preprocessor
configure:5419: gcc -E  conftest.c
configure:5419: $? = 0
configure:5434: gcc -E  conftest.c
conftest.c:11:10: fatal error: ac_nonexistent.h: No such file or directory
   11 | #include <ac_nonexistent.h>
      |          ^~~~~~~~~~~~~~~~~~
compilation terminated.
configure:5434: $? = 1
configure: failed program was:
| /* confdefs.h */
| #define PACKAGE_NAME "guile-lib"
| #define PACKAGE_TARNAME "guile-lib"
| #define PACKAGE_VERSION "0.2.8.1"
| #define PACKAGE_STRING "guile-lib 0.2.8.1"
| #define PACKAGE_BUGREPORT "guile-devel at gnu dot org"
| #define PACKAGE_URL ""
| #define PACKAGE "guile-lib"
| #define VERSION "0.2.8.1"
| /* end confdefs.h.  */
| #include <ac_nonexistent.h>
configure:5461: result: gcc -E
configure:5475: gcc -E  conftest.c
configure:5475: $? = 0
configure:5490: gcc -E  conftest.c
conftest.c:11:10: fatal error: ac_nonexistent.h: No such file or directory
   11 | #include <ac_nonexistent.h>
      |          ^~~~~~~~~~~~~~~~~~
compilation terminated.
configure:5490: $? = 1
configure: failed program was:
| /* confdefs.h */
| #define PACKAGE_NAME "guile-lib"
| #define PACKAGE_TARNAME "guile-lib"
| #define PACKAGE_VERSION "0.2.8.1"
| #define PACKAGE_STRING "guile-lib 0.2.8.1"
| #define PACKAGE_BUGREPORT "guile-devel at gnu dot org"
| #define PACKAGE_URL ""
| #define PACKAGE "guile-lib"
| #define VERSION "0.2.8.1"
| /* end confdefs.h.  */
| #include <ac_nonexistent.h>
configure:5521: checking for grep that handles long lines and -e
configure:5585: result: /usr/bin/grep
configure:5590: checking for egrep
configure:5658: result: /usr/bin/grep -E
configure:5667: checking for ELF binary format
configure:5691: result: yes
configure:5740: checking for the common suffixes of directories in the library search path
configure:5809: result: lib,lib,lib64
configure:5818: checking for guile-3.0
configure:5825: $PKG_CONFIG --exists --print-errors "guile-$GUILE_EFFECTIVE_VERSION"
configure:5828: $? = 0
configure:5842: $PKG_CONFIG --exists --print-errors "guile-$GUILE_EFFECTIVE_VERSION"
configure:5845: $? = 0
configure:5903: result: yes
configure:6240: checking that generated files are newer than configure
configure:6246: result: done
configure:6273: creating ./config.status

## ---------------------- ##
## Running config.status. ##
## ---------------------- ##

This file was extended by guile-lib config.status 0.2.8.1, which was
generated by GNU Autoconf 2.71.  Invocation command line was

  CONFIG_FILES    = 
  CONFIG_HEADERS  = 
  CONFIG_LINKS    = 
  CONFIG_COMMANDS = 
  $ ./config.status 

on gazelle

config.status:807: creating pre-inst-env
config.status:807: creating meta/guile-lib-1.0.pc
config.status:807: creating Makefile
config.status:807: creating src/Makefile
config.status:807: creating doc/Makefile
config.status:807: creating examples/Makefile
config.status:807: creating unit-tests/Makefile
config.status:979: executing depfiles commands
configure:7408:

  prefix=/usr/local
  exec_prefix=${prefix}
  libdir=${exec_prefix}/lib
  datarootdir=${prefix}/share
  datadir=${datarootdir}

  --with-guile-site="yes"

  sitedir (source code): /usr/share/guile/site
  siteccachedir (compiled modules): /usr/lib/x86_64-linux-gnu/guile/3.0/site-ccache
  

## ---------------- ##
## Cache variables. ##
## ---------------- ##

ac_cv_build=x86_64-pc-linux-gnu
ac_cv_c_compiler_gnu=yes
ac_cv_env_CC_set=
ac_cv_env_CC_value=
ac_cv_env_CFLAGS_set=
ac_cv_env_CFLAGS_value=
ac_cv_env_CPPFLAGS_set=
ac_cv_env_CPPFLAGS_value=
ac_cv_env_CPP_set=
ac_cv_env_CPP_value=
ac_cv_env_GUILE_CFLAGS_set=
ac_cv_env_GUILE_CFLAGS_value=
ac_cv_env_GUILE_LIBS_set=
ac_cv_env_GUILE_LIBS_value=
ac_cv_env_LDFLAGS_set=
ac_cv_env_LDFLAGS_value=
ac_cv_env_LIBS_set=
ac_cv_env_LIBS_value=
ac_cv_env_PKG_CONFIG_LIBDIR_set=
ac_cv_env_PKG_CONFIG_LIBDIR_value=
ac_cv_env_PKG_CONFIG_PATH_set=
ac_cv_env_PKG_CONFIG_PATH_value=
ac_cv_env_PKG_CONFIG_set=
ac_cv_env_PKG_CONFIG_value=
ac_cv_env_build_alias_set=
ac_cv_env_build_alias_value=
ac_cv_env_host_alias_set=
ac_cv_env_host_alias_value=
ac_cv_env_target_alias_set=
ac_cv_env_target_alias_value=
ac_cv_host=x86_64-pc-linux-gnu
ac_cv_objext=o
ac_cv_path_EGREP='/usr/bin/grep -E'
ac_cv_path_GREP=/usr/bin/grep
ac_cv_path_GUILD=/usr/bin/guild
ac_cv_path_GUILE=/usr/bin/guile
ac_cv_path_GUILE_CONFIG=/usr/bin/guile-config
ac_cv_path_ac_pt_PKG_CONFIG=/usr/bin/pkg-config
ac_cv_path_install='/usr/bin/install -c'
ac_cv_path_mkdir=/usr/bin/mkdir
ac_cv_prog_AWK=gawk
ac_cv_prog_CPP='gcc -E'
ac_cv_prog_ac_ct_CC=gcc
ac_cv_prog_cc_c11=
ac_cv_prog_cc_g=yes
ac_cv_prog_cc_stdc=
ac_cv_prog_make_make_set=yes
acl_cv_libdirstems=lib,lib,lib64
acl_cv_path_LD=/usr/bin/ld
acl_cv_prog_gnu_ld=yes
acl_cv_rpath=done
am_cv_CC_dependencies_compiler_type=none
am_cv_make_support_nested_variables=yes
am_cv_prog_cc_c_o=yes
gl_cv_elf=yes
gl_cv_host_cpu_c_abi_32bit=no
pkg_cv_GUILE_CFLAGS='-pthread -I/usr/include/guile/3.0'
pkg_cv_GUILE_LIBS='-lguile-3.0 -lgc'

## ----------------- ##
## Output variables. ##
## ----------------- ##

ACLOCAL='${SHELL} '\''/home/larry/Documents/personal-journal/essays/product_preference/guile-lib-0.2.8.1/build-aux/missing'\'' aclocal-1.16'
ACLOCAL_FLAGS=''
AMDEPBACKSLASH='\'
AMDEP_FALSE='#'
AMDEP_TRUE=''
AMTAR='$${TAR-tar}'
AM_BACKSLASH='\'
AM_DEFAULT_V='$(AM_DEFAULT_VERBOSITY)'
AM_DEFAULT_VERBOSITY='0'
AM_V='$(V)'
AUTOCONF='${SHELL} '\''/home/larry/Documents/personal-journal/essays/product_preference/guile-lib-0.2.8.1/build-aux/missing'\'' autoconf'
AUTOHEADER='${SHELL} '\''/home/larry/Documents/personal-journal/essays/product_preference/guile-lib-0.2.8.1/build-aux/missing'\'' autoheader'
AUTOMAKE='${SHELL} '\''/home/larry/Documents/personal-journal/essays/product_preference/guile-lib-0.2.8.1/build-aux/missing'\'' automake-1.16'
AWK='gawk'
CC='gcc'
CCDEPMODE='depmode=none'
CFLAGS='-g -O2'
CPP='gcc -E'
CPPFLAGS=''
CSCOPE='cscope'
CTAGS='ctags'
CYGPATH_W='echo'
DEFS='-DPACKAGE_NAME=\"guile-lib\" -DPACKAGE_TARNAME=\"guile-lib\" -DPACKAGE_VERSION=\"0.2.8.1\" -DPACKAGE_STRING=\"guile-lib\ 0.2.8.1\" -DPACKAGE_BUGREPORT=\"guile-devel\ at\ gnu\ dot\ org\" -DPACKAGE_URL=\"\" -DPACKAGE=\"guile-lib\" -DVERSION=\"0.2.8.1\"'
DEPDIR='.deps'
ECHO_C=''
ECHO_N='-n'
ECHO_T=''
EGREP='/usr/bin/grep -E'
ETAGS='etags'
EXEEXT=''
GREP='/usr/bin/grep'
GUILD='/usr/bin/guild'
GUILE='/usr/bin/guile'
GUILE_CFLAGS='-pthread -I/usr/include/guile/3.0'
GUILE_CONFIG='/usr/bin/guile-config'
GUILE_EFFECTIVE_VERSION='3.0'
GUILE_EXTENSION='/usr/lib/x86_64-linux-gnu/guile/3.0/extensions'
GUILE_GLOBAL_SITE='/usr/share/guile/site'
GUILE_LDFLAGS='-lguile-3.0 -lgc'
GUILE_LIBS='-lguile-3.0 -lgc '
GUILE_LTLIBS='-lguile-3.0 -lgc '
GUILE_SITE='/usr/share/guile/site/3.0'
GUILE_SITE_CCACHE='/usr/lib/x86_64-linux-gnu/guile/3.0/site-ccache'
GUILE_TARGET=''
GUILE_TOOLS='/usr/bin/guild'
INSTALL_DATA='${INSTALL} -m 644'
INSTALL_PROGRAM='${INSTALL}'
INSTALL_SCRIPT='${INSTALL}'
INSTALL_STRIP_PROGRAM='$(install_sh) -c -s'
LDFLAGS=''
LIBOBJS=''
LIBS=''
LTLIBOBJS=''
MAINT=''
MAINTAINER_MODE_FALSE='#'
MAINTAINER_MODE_TRUE=''
MAKEINFO='${SHELL} '\''/home/larry/Documents/personal-journal/essays/product_preference/guile-lib-0.2.8.1/build-aux/missing'\'' makeinfo'
MKDIR_P='/usr/bin/mkdir -p'
OBJEXT='o'
PACKAGE='guile-lib'
PACKAGE_BUGREPORT='guile-devel at gnu dot org'
PACKAGE_NAME='guile-lib'
PACKAGE_STRING='guile-lib 0.2.8.1'
PACKAGE_TARNAME='guile-lib'
PACKAGE_URL=''
PACKAGE_VERSION='0.2.8.1'
PATH_SEPARATOR=':'
PKG_CONFIG='/usr/bin/pkg-config'
PKG_CONFIG_LIBDIR=''
PKG_CONFIG_PATH=''
SET_MAKE=''
SHELL='/bin/bash'
SITECCACHEDIR='/usr/lib/x86_64-linux-gnu/guile/3.0/site-ccache'
SITEDIR='/usr/share/guile/site'
STRIP=''
VERSION='0.2.8.1'
ac_ct_CC='gcc'
am__EXEEXT_FALSE=''
am__EXEEXT_TRUE='#'
am__fastdepCC_FALSE=''
am__fastdepCC_TRUE='#'
am__include='include'
am__isrc=''
am__leading_dot='.'
am__nodep='_no'
am__quote=''
am__tar='$${TAR-tar} chof - "$$tardir"'
am__untar='$${TAR-tar} xf -'
bindir='${exec_prefix}/bin'
build='x86_64-pc-linux-gnu'
build_alias=''
build_cpu='x86_64'
build_os='linux-gnu'
build_vendor='pc'
datadir='${datarootdir}'
datarootdir='${prefix}/share'
docdir='${datarootdir}/doc/${PACKAGE_TARNAME}'
dvidir='${docdir}'
exec_prefix='${prefix}'
guile_site='yes'
host='x86_64-pc-linux-gnu'
host_alias=''
host_cpu='x86_64'
host_os='linux-gnu'
host_vendor='pc'
htmldir='${docdir}'
includedir='${prefix}/include'
infodir='${datarootdir}/info'
install_sh='${SHELL} /home/larry/Documents/personal-journal/essays/product_preference/guile-lib-0.2.8.1/build-aux/install-sh'
libdir='${exec_prefix}/lib'
libexecdir='${exec_prefix}/libexec'
localedir='${datarootdir}/locale'
localstatedir='${prefix}/var'
mandir='${datarootdir}/man'
mkdir_p='$(MKDIR_P)'
oldincludedir='/usr/include'
pdfdir='${docdir}'
pkgconfigdir='${libdir}/pkgconfig'
prefix='/usr/local'
program_transform_name='s,x,x,'
psdir='${docdir}'
runstatedir='${localstatedir}/run'
sbindir='${exec_prefix}/sbin'
sharedstatedir='${prefix}/com'
sysconfdir='${prefix}/etc'
target_alias=''

## ----------- ##
## confdefs.h. ##
## ----------- ##

/* confdefs.h */
#define PACKAGE_NAME "guile-lib"
#define PACKAGE_TARNAME "guile-lib"
#define PACKAGE_VERSION "0.2.8.1"
#define PACKAGE_STRING "guile-lib 0.2.8.1"
#define PACKAGE_BUGREPORT "guile-devel at gnu dot org"
#define PACKAGE_URL ""
#define PACKAGE "guile-lib"
#define VERSION "0.2.8.1"

configure: exit 0
